Build started 8/5/2013 7:01:20 PM.
     1>Project "C:\Users\Whynne\Documents\GitHub\Wex\vs2010\wex\wex.vcxproj" on node 2 (build target(s)).
     1>InitializeBuildStatus:
         Creating "Executable Debug\wex.unsuccessfulbuild" because "AlwaysCreate" was specified.
       ClCompile:
         All outputs are up-to-date.
         C:\Program Files (x86)\Microsoft Visual Studio 10.0\VC\bin\CL.exe /c /ZI /nologo /W3 /WX- /Od /Oy- /D _DEBUG /D WIN32 /D WEX_EXPORT /D GLEW_STATIC /D AL_LIBTYPE_STATIC /D _WINDOWS /D _MBCS /Gm /EHsc /RTC1 /MTd /GS /fp:precise /Zc:wchar_t /Zc:forScope /Fo"Executable Debug\\" /Fd"Executable Debug\vc100.pdb" /Gd /TP /analyze- /errorReport:prompt main.cpp
         main.cpp
     1>c:\users\whynne\documents\github\wex\include\graphics.h(33): warning C4067: unexpected tokens following preprocessor directive - expected a newline
     1>c:\users\whynne\documents\github\wex\include\graphics.h(93): warning C4251: 'wex::graphics::SpriteFrame::texcoords' : class 'wex::Vec2<T>' needs to have dll-interface to be used by clients of struct 'wex::graphics::SpriteFrame'
                 with
                 [
                     T=float
                 ]
     1>c:\users\whynne\documents\github\wex\include\graphics.h(129): warning C4251: 'wex::graphics::SpriteSheet::sequences' : class 'std::map<_Kty,_Ty>' needs to have dll-interface to be used by clients of class 'wex::graphics::SpriteSheet'
                 with
                 [
                     _Kty=std::string,
                     _Ty=std::vector<wex::graphics::SpriteFrame>
                 ]
     1>c:\users\whynne\documents\github\wex\include\graphics.h(149): warning C4251: 'wex::graphics::Polygon::verts' : class 'std::list<_Ty>' needs to have dll-interface to be used by clients of class 'wex::graphics::Polygon'
                 with
                 [
                     _Ty=wex::Point2f
                 ]
     1>c:\users\whynne\documents\github\wex\include\graphics.h(159): warning C4251: 'wex::graphics::Quad::topleft' : class 'wex::Vec2<T>' needs to have dll-interface to be used by clients of class 'wex::graphics::Quad'
                 with
                 [
                     T=float
                 ]
     1>c:\users\whynne\documents\github\wex\include\graphics.h(160): warning C4251: 'wex::graphics::Quad::topright' : class 'wex::Vec2<T>' needs to have dll-interface to be used by clients of class 'wex::graphics::Quad'
                 with
                 [
                     T=float
                 ]
     1>c:\users\whynne\documents\github\wex\include\graphics.h(161): warning C4251: 'wex::graphics::Quad::bottomright' : class 'wex::Vec2<T>' needs to have dll-interface to be used by clients of class 'wex::graphics::Quad'
                 with
                 [
                     T=float
                 ]
     1>c:\users\whynne\documents\github\wex\include\graphics.h(162): warning C4251: 'wex::graphics::Quad::bottomleft' : class 'wex::Vec2<T>' needs to have dll-interface to be used by clients of class 'wex::graphics::Quad'
                 with
                 [
                     T=float
                 ]
     1>c:\users\whynne\documents\github\wex\include\graphics.h(163): warning C4251: 'wex::graphics::Quad::midpoint' : class 'wex::Vec3<T>' needs to have dll-interface to be used by clients of class 'wex::graphics::Quad'
                 with
                 [
                     T=float
                 ]
     1>c:\users\whynne\documents\github\wex\include\graphics.h(181): warning C4251: 'wex::graphics::Sprite::offset' : class 'wex::Vec3<T>' needs to have dll-interface to be used by clients of class 'wex::graphics::Sprite'
                 with
                 [
                     T=float
                 ]
     1>c:\users\whynne\documents\github\wex\include\graphics.h(182): warning C4251: 'wex::graphics::Sprite::sequence' : class 'std::basic_string<_Elem,_Traits,_Ax>' needs to have dll-interface to be used by clients of class 'wex::graphics::Sprite'
                 with
                 [
                     _Elem=char,
                     _Traits=std::char_traits<char>,
                     _Ax=std::allocator<char>
                 ]
     1>c:\users\whynne\documents\github\wex\include\graphics.h(252): warning C4251: 'wex::graphics::Vertex::point' : class 'wex::Vec3<T>' needs to have dll-interface to be used by clients of struct 'wex::graphics::Vertex'
                 with
                 [
                     T=float
                 ]
     1>c:\users\whynne\documents\github\wex\include\graphics.h(253): warning C4251: 'wex::graphics::Vertex::texcoord' : class 'wex::Vec2<T>' needs to have dll-interface to be used by clients of struct 'wex::graphics::Vertex'
                 with
                 [
                     T=float
                 ]
     1>c:\users\whynne\documents\github\wex\include\graphics.h(260): warning C4251: 'wex::graphics::PolygonBatch::polygons' : class 'std::vector<_Ty>' needs to have dll-interface to be used by clients of class 'wex::graphics::PolygonBatch'
                 with
                 [
                     _Ty=wex::graphics::Polygon
                 ]
     1>c:\users\whynne\documents\github\wex\include\graphics.h(276): warning C4251: 'wex::graphics::SpriteBatch::sprites' : class 'std::vector<_Ty>' needs to have dll-interface to be used by clients of class 'wex::graphics::SpriteBatch'
                 with
                 [
                     _Ty=wex::graphics::Sprite
                 ]
     1>c:\users\whynne\documents\github\wex\include\graphics.h(378): warning C4251: 'wex::graphics::Renderer::view' : class 'wex::Vec3<T>' needs to have dll-interface to be used by clients of class 'wex::graphics::Renderer'
                 with
                 [
                     T=float
                 ]
     1>c:\users\whynne\documents\github\wex\include\audio.h(37): warning C4251: 'wex::audio::SoundManager::sources' : class 'std::vector<_Ty>' needs to have dll-interface to be used by clients of class 'wex::audio::SoundManager'
                 with
                 [
                     _Ty=wex::audio::Source
                 ]
     1>c:\users\whynne\documents\github\wex\include\audio.h(38): warning C4251: 'wex::audio::SoundManager::audiobuffers' : class 'std::map<_Kty,_Ty>' needs to have dll-interface to be used by clients of class 'wex::audio::SoundManager'
                 with
                 [
                     _Kty=std::string,
                     _Ty=wex::audio::AudioBuffer
                 ]
     1>c:\users\whynne\documents\github\wex\include\physics.h(14): warning C4251: 'physics::State::p' : class 'wex::Vec3<T>' needs to have dll-interface to be used by clients of struct 'physics::State'
                 with
                 [
                     T=double
                 ]
     1>c:\users\whynne\documents\github\wex\include\physics.h(15): warning C4251: 'physics::State::v' : class 'wex::Vec3<T>' needs to have dll-interface to be used by clients of struct 'physics::State'
                 with
                 [
                     T=double
                 ]
     1>c:\users\whynne\documents\github\wex\include\physics.h(16): warning C4251: 'physics::State::f' : class 'wex::Vec3<T>' needs to have dll-interface to be used by clients of struct 'physics::State'
                 with
                 [
                     T=double
                 ]
     1>c:\users\whynne\documents\github\wex\include\physics.h(22): warning C4251: 'physics::Derivative::dx' : class 'wex::Vec3<T>' needs to have dll-interface to be used by clients of struct 'physics::Derivative'
                 with
                 [
                     T=double
                 ]
     1>c:\users\whynne\documents\github\wex\include\physics.h(23): warning C4251: 'physics::Derivative::dv' : class 'wex::Vec3<T>' needs to have dll-interface to be used by clients of struct 'physics::Derivative'
                 with
                 [
                     T=double
                 ]
     1>c:\users\whynne\documents\github\wex\include\controller.h(32): warning C4251: 'Controller::_prevmousepos' : class 'wex::Vec2<T>' needs to have dll-interface to be used by clients of class 'Controller'
                 with
                 [
                     T=int
                 ]
     1>c:\users\whynne\documents\github\wex\include\controller.h(33): warning C4251: 'Controller::_mouseposition' : class 'wex::Vec2<T>' needs to have dll-interface to be used by clients of class 'Controller'
                 with
                 [
                     T=int
                 ]
     1>c:\users\whynne\documents\github\wex\include\controller.h(37): warning C4251: 'Controller::_keyboard' : class 'std::map<_Kty,_Ty>' needs to have dll-interface to be used by clients of class 'Controller'
                 with
                 [
                     _Kty=int,
                     _Ty=Keydata
                 ]
     1>c:\users\whynne\documents\github\wex\include\controller.h(38): warning C4251: 'Controller::_capturedtext' : class 'std::basic_string<_Elem,_Traits,_Ax>' needs to have dll-interface to be used by clients of class 'Controller'
                 with
                 [
                     _Elem=char,
                     _Traits=std::char_traits<char>,
                     _Ax=std::allocator<char>
                 ]
     1>c:\users\whynne\documents\github\wex\include\engine.h(34): warning C4251: 'wex::GameEngine::frametimer' : class 'Timer' needs to have dll-interface to be used by clients of class 'wex::GameEngine'
                 c:\users\whynne\documents\github\wex\include\timer.h(6) : see declaration of 'Timer'
     1>c:\users\whynne\documents\github\wex\include\engine.h(35): warning C4251: 'wex::GameEngine::counter' : class 'Timer' needs to have dll-interface to be used by clients of class 'wex::GameEngine'
                 c:\users\whynne\documents\github\wex\include\timer.h(6) : see declaration of 'Timer'
     1>c:\users\whynne\documents\github\wex\include\engine.h(49): warning C4251: 'wex::GameEngine::fps' : class 'Timer' needs to have dll-interface to be used by clients of class 'wex::GameEngine'
                 c:\users\whynne\documents\github\wex\include\timer.h(6) : see declaration of 'Timer'
     1>c:\users\whynne\documents\github\wex\include\engine.h(53): warning C4251: 'wex::GameEngine::states' : class 'std::vector<_Ty>' needs to have dll-interface to be used by clients of class 'wex::GameEngine'
                 with
                 [
                     _Ty=wex::EngineState *
                 ]
       Link:
         C:\Program Files (x86)\Microsoft Visual Studio 10.0\VC\bin\link.exe /ERRORREPORT:PROMPT /OUT:"C:\Users\Whynne\Documents\GitHub\Wex\vs2010\Executable Debug\wex_debug_executable.exe" /INCREMENTAL:NO /NOLOGO SDL.lib SDLmain.lib glew32.lib opengl32.lib openal32.lib alut.lib libvorbisfile.lib kernel32.lib user32.lib gdi32.lib winspool.lib comdlg32.lib advapi32.lib shell32.lib ole32.lib oleaut32.lib uuid.lib odbc32.lib odbccp32.lib /NODEFAULTLIB:msvcrt.lib /MANIFEST /ManifestFile:"Executable Debug\wex_debug_executable.exe.intermediate.manifest" /MANIFESTUAC:"level='asInvoker' uiAccess='false'" /DEBUG /PDB:"C:\Users\Whynne\Documents\GitHub\Wex\vs2010\Executable Debug\wex_debug_executable.pdb" /TLBID:1 /DYNAMICBASE /NXCOMPAT /IMPLIB:"C:\Users\Whynne\Documents\GitHub\Wex\vs2010\Executable Debug\wex_debug_executable.lib" /MACHINE:X86 "Executable Debug\audio.obj"
         "Executable Debug\controller.obj"
         "Executable Debug\engine.obj"
         "Executable Debug\graphics.obj"
         "Executable Debug\matrix.obj"
         "Executable Debug\net.obj"
         "Executable Debug\physics.obj"
         "Executable Debug\timer.obj"
         "Executable Debug\triglookup.obj"
         "Executable Debug\ui.obj"
         "Executable Debug\main.obj"
     1>audio.obj : warning LNK4075: ignoring '/EDITANDCONTINUE' due to '/INCREMENTAL:NO' specification
         libvorbisfile.lib(framing.obj) : MSIL .netmodule or module compiled with /GL found; restarting link with /LTCG; add /LTCG to the link command line to improve linker performance
     1>audio.obj : warning LNK4075: ignoring '/EDITANDCONTINUE' due to '/INCREMENTAL:NO' specification
            Creating library C:\Users\Whynne\Documents\GitHub\Wex\vs2010\Executable Debug\wex_debug_executable.lib and object C:\Users\Whynne\Documents\GitHub\Wex\vs2010\Executable Debug\wex_debug_executable.exp
     1>LINK : warning LNK4098: defaultlib 'LIBCMT' conflicts with use of other libs; use /NODEFAULTLIB:library
         Generating code
         Finished generating code
     1>alut.lib(alutInit.obj) : warning LNK4049: locally defined symbol _alcGetError imported
     1>alut.lib(alutInit.obj) : warning LNK4049: locally defined symbol _alcGetContextsDevice imported
     1>alut.lib(alutInit.obj) : warning LNK4049: locally defined symbol _alGetError imported
     1>alut.lib(alutInit.obj) : warning LNK4049: locally defined symbol _alcGetCurrentContext imported
     1>alut.lib(alutInit.obj) : warning LNK4049: locally defined symbol _alcDestroyContext imported
     1>alut.lib(alutInit.obj) : warning LNK4049: locally defined symbol _alcMakeContextCurrent imported
     1>alut.lib(alutInit.obj) : warning LNK4049: locally defined symbol _alcCloseDevice imported
     1>alut.lib(alutInit.obj) : warning LNK4049: locally defined symbol _alcCreateContext imported
     1>alut.lib(alutInit.obj) : warning LNK4049: locally defined symbol _alcOpenDevice imported
     1>libvorbisfile.lib(info.obj) : warning LNK4099: PDB 'vc100.pdb' was not found with 'libvorbisfile.lib(info.obj)' or at 'C:\Users\Whynne\Documents\GitHub\Wex\vs2010\Executable Debug\vc100.pdb'; linking object as if no debug info
     1>libvorbisfile.lib(synthesis.obj) : warning LNK4099: PDB 'vc100.pdb' was not found with 'libvorbisfile.lib(synthesis.obj)' or at 'C:\Users\Whynne\Documents\GitHub\Wex\vs2010\Executable Debug\vc100.pdb'; linking object as if no debug info
     1>libvorbisfile.lib(block.obj) : warning LNK4099: PDB 'vc100.pdb' was not found with 'libvorbisfile.lib(block.obj)' or at 'C:\Users\Whynne\Documents\GitHub\Wex\vs2010\Executable Debug\vc100.pdb'; linking object as if no debug info
     1>libvorbisfile.lib(registry.obj) : warning LNK4099: PDB 'vc100.pdb' was not found with 'libvorbisfile.lib(registry.obj)' or at 'C:\Users\Whynne\Documents\GitHub\Wex\vs2010\Executable Debug\vc100.pdb'; linking object as if no debug info
     1>libvorbisfile.lib(sharedbook.obj) : warning LNK4099: PDB 'vc100.pdb' was not found with 'libvorbisfile.lib(sharedbook.obj)' or at 'C:\Users\Whynne\Documents\GitHub\Wex\vs2010\Executable Debug\vc100.pdb'; linking object as if no debug info
     1>libvorbisfile.lib(codebook.obj) : warning LNK4099: PDB 'vc100.pdb' was not found with 'libvorbisfile.lib(codebook.obj)' or at 'C:\Users\Whynne\Documents\GitHub\Wex\vs2010\Executable Debug\vc100.pdb'; linking object as if no debug info
     1>libvorbisfile.lib(psy.obj) : warning LNK4099: PDB 'vc100.pdb' was not found with 'libvorbisfile.lib(psy.obj)' or at 'C:\Users\Whynne\Documents\GitHub\Wex\vs2010\Executable Debug\vc100.pdb'; linking object as if no debug info
     1>libvorbisfile.lib(smallft.obj) : warning LNK4099: PDB 'vc100.pdb' was not found with 'libvorbisfile.lib(smallft.obj)' or at 'C:\Users\Whynne\Documents\GitHub\Wex\vs2010\Executable Debug\vc100.pdb'; linking object as if no debug info
     1>libvorbisfile.lib(envelope.obj) : warning LNK4099: PDB 'vc100.pdb' was not found with 'libvorbisfile.lib(envelope.obj)' or at 'C:\Users\Whynne\Documents\GitHub\Wex\vs2010\Executable Debug\vc100.pdb'; linking object as if no debug info
     1>libvorbisfile.lib(mdct.obj) : warning LNK4099: PDB 'vc100.pdb' was not found with 'libvorbisfile.lib(mdct.obj)' or at 'C:\Users\Whynne\Documents\GitHub\Wex\vs2010\Executable Debug\vc100.pdb'; linking object as if no debug info
     1>libvorbisfile.lib(bitrate.obj) : warning LNK4099: PDB 'vc100.pdb' was not found with 'libvorbisfile.lib(bitrate.obj)' or at 'C:\Users\Whynne\Documents\GitHub\Wex\vs2010\Executable Debug\vc100.pdb'; linking object as if no debug info
     1>libvorbisfile.lib(lpc.obj) : warning LNK4099: PDB 'vc100.pdb' was not found with 'libvorbisfile.lib(lpc.obj)' or at 'C:\Users\Whynne\Documents\GitHub\Wex\vs2010\Executable Debug\vc100.pdb'; linking object as if no debug info
     1>libvorbisfile.lib(window.obj) : warning LNK4099: PDB 'vc100.pdb' was not found with 'libvorbisfile.lib(window.obj)' or at 'C:\Users\Whynne\Documents\GitHub\Wex\vs2010\Executable Debug\vc100.pdb'; linking object as if no debug info
     1>libvorbisfile.lib(res0.obj) : warning LNK4099: PDB 'vc100.pdb' was not found with 'libvorbisfile.lib(res0.obj)' or at 'C:\Users\Whynne\Documents\GitHub\Wex\vs2010\Executable Debug\vc100.pdb'; linking object as if no debug info
     1>libvorbisfile.lib(mapping0.obj) : warning LNK4099: PDB 'vc100.pdb' was not found with 'libvorbisfile.lib(mapping0.obj)' or at 'C:\Users\Whynne\Documents\GitHub\Wex\vs2010\Executable Debug\vc100.pdb'; linking object as if no debug info
     1>libvorbisfile.lib(floor1.obj) : warning LNK4099: PDB 'vc100.pdb' was not found with 'libvorbisfile.lib(floor1.obj)' or at 'C:\Users\Whynne\Documents\GitHub\Wex\vs2010\Executable Debug\vc100.pdb'; linking object as if no debug info
     1>libvorbisfile.lib(floor0.obj) : warning LNK4099: PDB 'vc100.pdb' was not found with 'libvorbisfile.lib(floor0.obj)' or at 'C:\Users\Whynne\Documents\GitHub\Wex\vs2010\Executable Debug\vc100.pdb'; linking object as if no debug info
     1>libvorbisfile.lib(lsp.obj) : warning LNK4099: PDB 'vc100.pdb' was not found with 'libvorbisfile.lib(lsp.obj)' or at 'C:\Users\Whynne\Documents\GitHub\Wex\vs2010\Executable Debug\vc100.pdb'; linking object as if no debug info
     1>SDL.lib(SDL.obj) : warning LNK4099: PDB 'vc100.pdb' was not found with 'SDL.lib(SDL.obj)' or at 'C:\Users\Whynne\Documents\GitHub\Wex\vs2010\Executable Debug\vc100.pdb'; linking object as if no debug info
     1>SDL.lib(SDL_active.obj) : warning LNK4099: PDB 'vc100.pdb' was not found with 'SDL.lib(SDL_active.obj)' or at 'C:\Users\Whynne\Documents\GitHub\Wex\vs2010\Executable Debug\vc100.pdb'; linking object as if no debug info
     1>SDL.lib(SDL_audio.obj) : warning LNK4099: PDB 'vc100.pdb' was not found with 'SDL.lib(SDL_audio.obj)' or at 'C:\Users\Whynne\Documents\GitHub\Wex\vs2010\Executable Debug\vc100.pdb'; linking object as if no debug info
     1>SDL.lib(SDL_audiocvt.obj) : warning LNK4099: PDB 'vc100.pdb' was not found with 'SDL.lib(SDL_audiocvt.obj)' or at 'C:\Users\Whynne\Documents\GitHub\Wex\vs2010\Executable Debug\vc100.pdb'; linking object as if no debug info
     1>SDL.lib(SDL_blit.obj) : warning LNK4099: PDB 'vc100.pdb' was not found with 'SDL.lib(SDL_blit.obj)' or at 'C:\Users\Whynne\Documents\GitHub\Wex\vs2010\Executable Debug\vc100.pdb'; linking object as if no debug info
     1>SDL.lib(SDL_blit_0.obj) : warning LNK4099: PDB 'vc100.pdb' was not found with 'SDL.lib(SDL_blit_0.obj)' or at 'C:\Users\Whynne\Documents\GitHub\Wex\vs2010\Executable Debug\vc100.pdb'; linking object as if no debug info
     1>SDL.lib(SDL_blit_1.obj) : warning LNK4099: PDB 'vc100.pdb' was not found with 'SDL.lib(SDL_blit_1.obj)' or at 'C:\Users\Whynne\Documents\GitHub\Wex\vs2010\Executable Debug\vc100.pdb'; linking object as if no debug info
     1>SDL.lib(SDL_blit_A.obj) : warning LNK4099: PDB 'vc100.pdb' was not found with 'SDL.lib(SDL_blit_A.obj)' or at 'C:\Users\Whynne\Documents\GitHub\Wex\vs2010\Executable Debug\vc100.pdb'; linking object as if no debug info
     1>SDL.lib(SDL_blit_N.obj) : warning LNK4099: PDB 'vc100.pdb' was not found with 'SDL.lib(SDL_blit_N.obj)' or at 'C:\Users\Whynne\Documents\GitHub\Wex\vs2010\Executable Debug\vc100.pdb'; linking object as if no debug info
     1>SDL.lib(SDL_cdrom.obj) : warning LNK4099: PDB 'vc100.pdb' was not found with 'SDL.lib(SDL_cdrom.obj)' or at 'C:\Users\Whynne\Documents\GitHub\Wex\vs2010\Executable Debug\vc100.pdb'; linking object as if no debug info
     1>SDL.lib(SDL_cpuinfo.obj) : warning LNK4099: PDB 'vc100.pdb' was not found with 'SDL.lib(SDL_cpuinfo.obj)' or at 'C:\Users\Whynne\Documents\GitHub\Wex\vs2010\Executable Debug\vc100.pdb'; linking object as if no debug info
     1>SDL.lib(SDL_cursor.obj) : warning LNK4099: PDB 'vc100.pdb' was not found with 'SDL.lib(SDL_cursor.obj)' or at 'C:\Users\Whynne\Documents\GitHub\Wex\vs2010\Executable Debug\vc100.pdb'; linking object as if no debug info
     1>SDL.lib(SDL_dibaudio.obj) : warning LNK4099: PDB 'vc100.pdb' was not found with 'SDL.lib(SDL_dibaudio.obj)' or at 'C:\Users\Whynne\Documents\GitHub\Wex\vs2010\Executable Debug\vc100.pdb'; linking object as if no debug info
     1>SDL.lib(SDL_dibevents.obj) : warning LNK4099: PDB 'vc100.pdb' was not found with 'SDL.lib(SDL_dibevents.obj)' or at 'C:\Users\Whynne\Documents\GitHub\Wex\vs2010\Executable Debug\vc100.pdb'; linking object as if no debug info
     1>SDL.lib(SDL_dibvideo.obj) : warning LNK4099: PDB 'vc100.pdb' was not found with 'SDL.lib(SDL_dibvideo.obj)' or at 'C:\Users\Whynne\Documents\GitHub\Wex\vs2010\Executable Debug\vc100.pdb'; linking object as if no debug info
     1>SDL.lib(SDL_diskaudio.obj) : warning LNK4099: PDB 'vc100.pdb' was not found with 'SDL.lib(SDL_diskaudio.obj)' or at 'C:\Users\Whynne\Documents\GitHub\Wex\vs2010\Executable Debug\vc100.pdb'; linking object as if no debug info
     1>SDL.lib(SDL_dummyaudio.obj) : warning LNK4099: PDB 'vc100.pdb' was not found with 'SDL.lib(SDL_dummyaudio.obj)' or at 'C:\Users\Whynne\Documents\GitHub\Wex\vs2010\Executable Debug\vc100.pdb'; linking object as if no debug info
     1>SDL.lib(SDL_dx5audio.obj) : warning LNK4099: PDB 'vc100.pdb' was not found with 'SDL.lib(SDL_dx5audio.obj)' or at 'C:\Users\Whynne\Documents\GitHub\Wex\vs2010\Executable Debug\vc100.pdb'; linking object as if no debug info
     1>SDL.lib(SDL_dx5events.obj) : warning LNK4099: PDB 'vc100.pdb' was not found with 'SDL.lib(SDL_dx5events.obj)' or at 'C:\Users\Whynne\Documents\GitHub\Wex\vs2010\Executable Debug\vc100.pdb'; linking object as if no debug info
     1>SDL.lib(SDL_dx5video.obj) : warning LNK4099: PDB 'vc100.pdb' was not found with 'SDL.lib(SDL_dx5video.obj)' or at 'C:\Users\Whynne\Documents\GitHub\Wex\vs2010\Executable Debug\vc100.pdb'; linking object as if no debug info
     1>SDL.lib(SDL_dx5yuv.obj) : warning LNK4099: PDB 'vc100.pdb' was not found with 'SDL.lib(SDL_dx5yuv.obj)' or at 'C:\Users\Whynne\Documents\GitHub\Wex\vs2010\Executable Debug\vc100.pdb'; linking object as if no debug info
     1>SDL.lib(SDL_error.obj) : warning LNK4099: PDB 'vc100.pdb' was not found with 'SDL.lib(SDL_error.obj)' or at 'C:\Users\Whynne\Documents\GitHub\Wex\vs2010\Executable Debug\vc100.pdb'; linking object as if no debug info
     1>SDL.lib(SDL_events.obj) : warning LNK4099: PDB 'vc100.pdb' was not found with 'SDL.lib(SDL_events.obj)' or at 'C:\Users\Whynne\Documents\GitHub\Wex\vs2010\Executable Debug\vc100.pdb'; linking object as if no debug info
     1>SDL.lib(SDL_expose.obj) : warning LNK4099: PDB 'vc100.pdb' was not found with 'SDL.lib(SDL_expose.obj)' or at 'C:\Users\Whynne\Documents\GitHub\Wex\vs2010\Executable Debug\vc100.pdb'; linking object as if no debug info
     1>SDL.lib(SDL_fatal.obj) : warning LNK4099: PDB 'vc100.pdb' was not found with 'SDL.lib(SDL_fatal.obj)' or at 'C:\Users\Whynne\Documents\GitHub\Wex\vs2010\Executable Debug\vc100.pdb'; linking object as if no debug info
     1>SDL.lib(SDL_getenv.obj) : warning LNK4099: PDB 'vc100.pdb' was not found with 'SDL.lib(SDL_getenv.obj)' or at 'C:\Users\Whynne\Documents\GitHub\Wex\vs2010\Executable Debug\vc100.pdb'; linking object as if no debug info
     1>SDL.lib(SDL_iconv.obj) : warning LNK4099: PDB 'vc100.pdb' was not found with 'SDL.lib(SDL_iconv.obj)' or at 'C:\Users\Whynne\Documents\GitHub\Wex\vs2010\Executable Debug\vc100.pdb'; linking object as if no debug info
     1>SDL.lib(SDL_joystick.obj) : warning LNK4099: PDB 'vc100.pdb' was not found with 'SDL.lib(SDL_joystick.obj)' or at 'C:\Users\Whynne\Documents\GitHub\Wex\vs2010\Executable Debug\vc100.pdb'; linking object as if no debug info
     1>SDL.lib(SDL_keyboard.obj) : warning LNK4099: PDB 'vc100.pdb' was not found with 'SDL.lib(SDL_keyboard.obj)' or at 'C:\Users\Whynne\Documents\GitHub\Wex\vs2010\Executable Debug\vc100.pdb'; linking object as if no debug info
     1>SDL.lib(SDL_mmjoystick.obj) : warning LNK4099: PDB 'vc100.pdb' was not found with 'SDL.lib(SDL_mmjoystick.obj)' or at 'C:\Users\Whynne\Documents\GitHub\Wex\vs2010\Executable Debug\vc100.pdb'; linking object as if no debug info
     1>SDL.lib(SDL_mouse.obj) : warning LNK4099: PDB 'vc100.pdb' was not found with 'SDL.lib(SDL_mouse.obj)' or at 'C:\Users\Whynne\Documents\GitHub\Wex\vs2010\Executable Debug\vc100.pdb'; linking object as if no debug info
     1>SDL.lib(SDL_nullevents.obj) : warning LNK4099: PDB 'vc100.pdb' was not found with 'SDL.lib(SDL_nullevents.obj)' or at 'C:\Users\Whynne\Documents\GitHub\Wex\vs2010\Executable Debug\vc100.pdb'; linking object as if no debug info
     1>SDL.lib(SDL_nullvideo.obj) : warning LNK4099: PDB 'vc100.pdb' was not found with 'SDL.lib(SDL_nullvideo.obj)' or at 'C:\Users\Whynne\Documents\GitHub\Wex\vs2010\Executable Debug\vc100.pdb'; linking object as if no debug info
     1>SDL.lib(SDL_pixels.obj) : warning LNK4099: PDB 'vc100.pdb' was not found with 'SDL.lib(SDL_pixels.obj)' or at 'C:\Users\Whynne\Documents\GitHub\Wex\vs2010\Executable Debug\vc100.pdb'; linking object as if no debug info
     1>SDL.lib(SDL_quit.obj) : warning LNK4099: PDB 'vc100.pdb' was not found with 'SDL.lib(SDL_quit.obj)' or at 'C:\Users\Whynne\Documents\GitHub\Wex\vs2010\Executable Debug\vc100.pdb'; linking object as if no debug info
     1>SDL.lib(SDL_resize.obj) : warning LNK4099: PDB 'vc100.pdb' was not found with 'SDL.lib(SDL_resize.obj)' or at 'C:\Users\Whynne\Documents\GitHub\Wex\vs2010\Executable Debug\vc100.pdb'; linking object as if no debug info
     1>SDL.lib(SDL_RLEaccel.obj) : warning LNK4099: PDB 'vc100.pdb' was not found with 'SDL.lib(SDL_RLEaccel.obj)' or at 'C:\Users\Whynne\Documents\GitHub\Wex\vs2010\Executable Debug\vc100.pdb'; linking object as if no debug info
     1>SDL.lib(SDL_rwops.obj) : warning LNK4099: PDB 'vc100.pdb' was not found with 'SDL.lib(SDL_rwops.obj)' or at 'C:\Users\Whynne\Documents\GitHub\Wex\vs2010\Executable Debug\vc100.pdb'; linking object as if no debug info
     1>SDL.lib(SDL_stretch.obj) : warning LNK4099: PDB 'vc100.pdb' was not found with 'SDL.lib(SDL_stretch.obj)' or at 'C:\Users\Whynne\Documents\GitHub\Wex\vs2010\Executable Debug\vc100.pdb'; linking object as if no debug info
     1>SDL.lib(SDL_string.obj) : warning LNK4099: PDB 'vc100.pdb' was not found with 'SDL.lib(SDL_string.obj)' or at 'C:\Users\Whynne\Documents\GitHub\Wex\vs2010\Executable Debug\vc100.pdb'; linking object as if no debug info
     1>SDL.lib(SDL_surface.obj) : warning LNK4099: PDB 'vc100.pdb' was not found with 'SDL.lib(SDL_surface.obj)' or at 'C:\Users\Whynne\Documents\GitHub\Wex\vs2010\Executable Debug\vc100.pdb'; linking object as if no debug info
     1>SDL.lib(SDL_syscdrom.obj) : warning LNK4099: PDB 'vc100.pdb' was not found with 'SDL.lib(SDL_syscdrom.obj)' or at 'C:\Users\Whynne\Documents\GitHub\Wex\vs2010\Executable Debug\vc100.pdb'; linking object as if no debug info
     1>SDL.lib(SDL_sysevents.obj) : warning LNK4099: PDB 'vc100.pdb' was not found with 'SDL.lib(SDL_sysevents.obj)' or at 'C:\Users\Whynne\Documents\GitHub\Wex\vs2010\Executable Debug\vc100.pdb'; linking object as if no debug info
     1>SDL.lib(SDL_sysmouse.obj) : warning LNK4099: PDB 'vc100.pdb' was not found with 'SDL.lib(SDL_sysmouse.obj)' or at 'C:\Users\Whynne\Documents\GitHub\Wex\vs2010\Executable Debug\vc100.pdb'; linking object as if no debug info
     1>SDL.lib(SDL_sysmutex.obj) : warning LNK4099: PDB 'vc100.pdb' was not found with 'SDL.lib(SDL_sysmutex.obj)' or at 'C:\Users\Whynne\Documents\GitHub\Wex\vs2010\Executable Debug\vc100.pdb'; linking object as if no debug info
     1>SDL.lib(SDL_syssem.obj) : warning LNK4099: PDB 'vc100.pdb' was not found with 'SDL.lib(SDL_syssem.obj)' or at 'C:\Users\Whynne\Documents\GitHub\Wex\vs2010\Executable Debug\vc100.pdb'; linking object as if no debug info
     1>SDL.lib(SDL_systhread.obj) : warning LNK4099: PDB 'vc100.pdb' was not found with 'SDL.lib(SDL_systhread.obj)' or at 'C:\Users\Whynne\Documents\GitHub\Wex\vs2010\Executable Debug\vc100.pdb'; linking object as if no debug info
     1>SDL.lib(SDL_systimer.obj) : warning LNK4099: PDB 'vc100.pdb' was not found with 'SDL.lib(SDL_systimer.obj)' or at 'C:\Users\Whynne\Documents\GitHub\Wex\vs2010\Executable Debug\vc100.pdb'; linking object as if no debug info
     1>SDL.lib(SDL_syswm.obj) : warning LNK4099: PDB 'vc100.pdb' was not found with 'SDL.lib(SDL_syswm.obj)' or at 'C:\Users\Whynne\Documents\GitHub\Wex\vs2010\Executable Debug\vc100.pdb'; linking object as if no debug info
     1>SDL.lib(SDL_thread.obj) : warning LNK4099: PDB 'vc100.pdb' was not found with 'SDL.lib(SDL_thread.obj)' or at 'C:\Users\Whynne\Documents\GitHub\Wex\vs2010\Executable Debug\vc100.pdb'; linking object as if no debug info
     1>SDL.lib(SDL_timer.obj) : warning LNK4099: PDB 'vc100.pdb' was not found with 'SDL.lib(SDL_timer.obj)' or at 'C:\Users\Whynne\Documents\GitHub\Wex\vs2010\Executable Debug\vc100.pdb'; linking object as if no debug info
     1>SDL.lib(SDL_video.obj) : warning LNK4099: PDB 'vc100.pdb' was not found with 'SDL.lib(SDL_video.obj)' or at 'C:\Users\Whynne\Documents\GitHub\Wex\vs2010\Executable Debug\vc100.pdb'; linking object as if no debug info
     1>SDL.lib(SDL_wingl.obj) : warning LNK4099: PDB 'vc100.pdb' was not found with 'SDL.lib(SDL_wingl.obj)' or at 'C:\Users\Whynne\Documents\GitHub\Wex\vs2010\Executable Debug\vc100.pdb'; linking object as if no debug info
     1>SDL.lib(SDL_yuv.obj) : warning LNK4099: PDB 'vc100.pdb' was not found with 'SDL.lib(SDL_yuv.obj)' or at 'C:\Users\Whynne\Documents\GitHub\Wex\vs2010\Executable Debug\vc100.pdb'; linking object as if no debug info
     1>SDL.lib(SDL_yuv_sw.obj) : warning LNK4099: PDB 'vc100.pdb' was not found with 'SDL.lib(SDL_yuv_sw.obj)' or at 'C:\Users\Whynne\Documents\GitHub\Wex\vs2010\Executable Debug\vc100.pdb'; linking object as if no debug info
     1>glew32.lib(glew.obj) : warning LNK4099: PDB 'vc100.pdb' was not found with 'glew32.lib(glew.obj)' or at 'C:\Users\Whynne\Documents\GitHub\Wex\vs2010\Executable Debug\vc100.pdb'; linking object as if no debug info
     1>alut.lib(alutError.obj) : warning LNK4099: PDB 'vc100.pdb' was not found with 'alut.lib(alutError.obj)' or at 'C:\Users\Whynne\Documents\GitHub\Wex\vs2010\Executable Debug\vc100.pdb'; linking object as if no debug info
     1>alut.lib(alutInit.obj) : warning LNK4099: PDB 'vc100.pdb' was not found with 'alut.lib(alutInit.obj)' or at 'C:\Users\Whynne\Documents\GitHub\Wex\vs2010\Executable Debug\vc100.pdb'; linking object as if no debug info
     1>libvorbisfile.lib(vorbisfile.obj) : warning LNK4099: PDB 'vc100.pdb' was not found with 'libvorbisfile.lib(vorbisfile.obj)' or at 'C:\Users\Whynne\Documents\GitHub\Wex\vs2010\Executable Debug\vc100.pdb'; linking object as if no debug info
         wex.vcxproj -> C:\Users\Whynne\Documents\GitHub\Wex\vs2010\Executable Debug\wex_debug_executable.exe
       Manifest:
         C:\Program Files (x86)\Microsoft SDKs\Windows\v7.0A\bin\mt.exe /nologo /verbose /outputresource:"C:\Users\Whynne\Documents\GitHub\Wex\vs2010\Executable Debug\wex_debug_executable.exe;#1" /manifest "Executable Debug\wex_debug_executable.exe.intermediate.manifest"
       FinalizeBuildStatus:
         Deleting file "Executable Debug\wex.unsuccessfulbuild".
         Touching "Executable Debug\wex.lastbuildstate".
     1>Done Building Project "C:\Users\Whynne\Documents\GitHub\Wex\vs2010\wex\wex.vcxproj" (build target(s)).

Build succeeded.

Time Elapsed 00:00:06.94
