Build started 8/5/2013 9:47:08 PM.
     1>Project "C:\Users\Whynne\Documents\GitHub\Wex\vs2010\wex\wex.vcxproj" on node 2 (build target(s)).
     1>InitializeBuildStatus:
         Touching "Executable Release\wex.unsuccessfulbuild".
       ClCompile:
         All outputs are up-to-date.
         All outputs are up-to-date.
       Link:
         C:\Program Files (x86)\Microsoft Visual Studio 10.0\VC\bin\link.exe /ERRORREPORT:PROMPT /OUT:"C:\Users\Whynne\Documents\GitHub\Wex\vs2010\Executable Release\wex.exe" /INCREMENTAL:NO /NOLOGO SDL.lib SDLmain.lib glew32.lib opengl32.lib openal32.lib alut.lib libvorbisfile.lib kernel32.lib user32.lib gdi32.lib winspool.lib comdlg32.lib advapi32.lib shell32.lib ole32.lib oleaut32.lib uuid.lib odbc32.lib odbccp32.lib /NODEFAULTLIB:msvcrt.lib /MANIFEST /ManifestFile:"Executable Release\wex.exe.intermediate.manifest" /MANIFESTUAC:"level='asInvoker' uiAccess='false'" /DEBUG /PDB:"C:\Users\Whynne\Documents\GitHub\Wex\vs2010\Executable Release\wex.pdb" /OPT:REF /OPT:ICF /LTCG /TLBID:1 /DYNAMICBASE /NXCOMPAT /IMPLIB:"C:\Users\Whynne\Documents\GitHub\Wex\vs2010\Executable Release\wex.lib" /MACHINE:X86 "Executable Release\audio.obj"
         "Executable Release\controller.obj"
         "Executable Release\engine.obj"
         "Executable Release\graphics.obj"
         "Executable Release\matrix.obj"
         "Executable Release\net.obj"
         "Executable Release\physics.obj"
         "Executable Release\timer.obj"
         "Executable Release\triglookup.obj"
         "Executable Release\ui.obj"
         "Executable Release\main.obj"
            Creating library C:\Users\Whynne\Documents\GitHub\Wex\vs2010\Executable Release\wex.lib and object C:\Users\Whynne\Documents\GitHub\Wex\vs2010\Executable Release\wex.exp
         Generating code
         Finished generating code
     1>alut.lib(alutInit.obj) : warning LNK4049: locally defined symbol _alcGetError imported
     1>alut.lib(alutInit.obj) : warning LNK4049: locally defined symbol _alcGetContextsDevice imported
     1>alut.lib(alutInit.obj) : warning LNK4049: locally defined symbol _alGetError imported
     1>alut.lib(alutInit.obj) : warning LNK4049: locally defined symbol _alcGetCurrentContext imported
     1>alut.lib(alutInit.obj) : warning LNK4049: locally defined symbol _alcDestroyContext imported
     1>alut.lib(alutInit.obj) : warning LNK4049: locally defined symbol _alcMakeContextCurrent imported
     1>alut.lib(alutInit.obj) : warning LNK4049: locally defined symbol _alcCloseDevice imported
     1>alut.lib(alutInit.obj) : warning LNK4049: locally defined symbol _alcCreateContext imported
     1>alut.lib(alutInit.obj) : warning LNK4049: locally defined symbol _alcOpenDevice imported
     1>libvorbisfile.lib(info.obj) : warning LNK4099: PDB 'vc100.pdb' was not found with 'libvorbisfile.lib(info.obj)' or at 'C:\Users\Whynne\Documents\GitHub\Wex\vs2010\Executable Release\vc100.pdb'; linking object as if no debug info
     1>libvorbisfile.lib(synthesis.obj) : warning LNK4099: PDB 'vc100.pdb' was not found with 'libvorbisfile.lib(synthesis.obj)' or at 'C:\Users\Whynne\Documents\GitHub\Wex\vs2010\Executable Release\vc100.pdb'; linking object as if no debug info
     1>libvorbisfile.lib(block.obj) : warning LNK4099: PDB 'vc100.pdb' was not found with 'libvorbisfile.lib(block.obj)' or at 'C:\Users\Whynne\Documents\GitHub\Wex\vs2010\Executable Release\vc100.pdb'; linking object as if no debug info
     1>libvorbisfile.lib(registry.obj) : warning LNK4099: PDB 'vc100.pdb' was not found with 'libvorbisfile.lib(registry.obj)' or at 'C:\Users\Whynne\Documents\GitHub\Wex\vs2010\Executable Release\vc100.pdb'; linking object as if no debug info
     1>libvorbisfile.lib(sharedbook.obj) : warning LNK4099: PDB 'vc100.pdb' was not found with 'libvorbisfile.lib(sharedbook.obj)' or at 'C:\Users\Whynne\Documents\GitHub\Wex\vs2010\Executable Release\vc100.pdb'; linking object as if no debug info
     1>libvorbisfile.lib(codebook.obj) : warning LNK4099: PDB 'vc100.pdb' was not found with 'libvorbisfile.lib(codebook.obj)' or at 'C:\Users\Whynne\Documents\GitHub\Wex\vs2010\Executable Release\vc100.pdb'; linking object as if no debug info
     1>libvorbisfile.lib(psy.obj) : warning LNK4099: PDB 'vc100.pdb' was not found with 'libvorbisfile.lib(psy.obj)' or at 'C:\Users\Whynne\Documents\GitHub\Wex\vs2010\Executable Release\vc100.pdb'; linking object as if no debug info
     1>libvorbisfile.lib(smallft.obj) : warning LNK4099: PDB 'vc100.pdb' was not found with 'libvorbisfile.lib(smallft.obj)' or at 'C:\Users\Whynne\Documents\GitHub\Wex\vs2010\Executable Release\vc100.pdb'; linking object as if no debug info
     1>libvorbisfile.lib(envelope.obj) : warning LNK4099: PDB 'vc100.pdb' was not found with 'libvorbisfile.lib(envelope.obj)' or at 'C:\Users\Whynne\Documents\GitHub\Wex\vs2010\Executable Release\vc100.pdb'; linking object as if no debug info
     1>libvorbisfile.lib(mdct.obj) : warning LNK4099: PDB 'vc100.pdb' was not found with 'libvorbisfile.lib(mdct.obj)' or at 'C:\Users\Whynne\Documents\GitHub\Wex\vs2010\Executable Release\vc100.pdb'; linking object as if no debug info
     1>libvorbisfile.lib(bitrate.obj) : warning LNK4099: PDB 'vc100.pdb' was not found with 'libvorbisfile.lib(bitrate.obj)' or at 'C:\Users\Whynne\Documents\GitHub\Wex\vs2010\Executable Release\vc100.pdb'; linking object as if no debug info
     1>libvorbisfile.lib(lpc.obj) : warning LNK4099: PDB 'vc100.pdb' was not found with 'libvorbisfile.lib(lpc.obj)' or at 'C:\Users\Whynne\Documents\GitHub\Wex\vs2010\Executable Release\vc100.pdb'; linking object as if no debug info
     1>libvorbisfile.lib(window.obj) : warning LNK4099: PDB 'vc100.pdb' was not found with 'libvorbisfile.lib(window.obj)' or at 'C:\Users\Whynne\Documents\GitHub\Wex\vs2010\Executable Release\vc100.pdb'; linking object as if no debug info
     1>libvorbisfile.lib(res0.obj) : warning LNK4099: PDB 'vc100.pdb' was not found with 'libvorbisfile.lib(res0.obj)' or at 'C:\Users\Whynne\Documents\GitHub\Wex\vs2010\Executable Release\vc100.pdb'; linking object as if no debug info
     1>libvorbisfile.lib(mapping0.obj) : warning LNK4099: PDB 'vc100.pdb' was not found with 'libvorbisfile.lib(mapping0.obj)' or at 'C:\Users\Whynne\Documents\GitHub\Wex\vs2010\Executable Release\vc100.pdb'; linking object as if no debug info
     1>libvorbisfile.lib(floor1.obj) : warning LNK4099: PDB 'vc100.pdb' was not found with 'libvorbisfile.lib(floor1.obj)' or at 'C:\Users\Whynne\Documents\GitHub\Wex\vs2010\Executable Release\vc100.pdb'; linking object as if no debug info
     1>libvorbisfile.lib(floor0.obj) : warning LNK4099: PDB 'vc100.pdb' was not found with 'libvorbisfile.lib(floor0.obj)' or at 'C:\Users\Whynne\Documents\GitHub\Wex\vs2010\Executable Release\vc100.pdb'; linking object as if no debug info
     1>libvorbisfile.lib(lsp.obj) : warning LNK4099: PDB 'vc100.pdb' was not found with 'libvorbisfile.lib(lsp.obj)' or at 'C:\Users\Whynne\Documents\GitHub\Wex\vs2010\Executable Release\vc100.pdb'; linking object as if no debug info
     1>SDL.lib(SDL.obj) : warning LNK4099: PDB 'vc100.pdb' was not found with 'SDL.lib(SDL.obj)' or at 'C:\Users\Whynne\Documents\GitHub\Wex\vs2010\Executable Release\vc100.pdb'; linking object as if no debug info
     1>SDL.lib(SDL_active.obj) : warning LNK4099: PDB 'vc100.pdb' was not found with 'SDL.lib(SDL_active.obj)' or at 'C:\Users\Whynne\Documents\GitHub\Wex\vs2010\Executable Release\vc100.pdb'; linking object as if no debug info
     1>SDL.lib(SDL_audio.obj) : warning LNK4099: PDB 'vc100.pdb' was not found with 'SDL.lib(SDL_audio.obj)' or at 'C:\Users\Whynne\Documents\GitHub\Wex\vs2010\Executable Release\vc100.pdb'; linking object as if no debug info
     1>SDL.lib(SDL_audiocvt.obj) : warning LNK4099: PDB 'vc100.pdb' was not found with 'SDL.lib(SDL_audiocvt.obj)' or at 'C:\Users\Whynne\Documents\GitHub\Wex\vs2010\Executable Release\vc100.pdb'; linking object as if no debug info
     1>SDL.lib(SDL_blit.obj) : warning LNK4099: PDB 'vc100.pdb' was not found with 'SDL.lib(SDL_blit.obj)' or at 'C:\Users\Whynne\Documents\GitHub\Wex\vs2010\Executable Release\vc100.pdb'; linking object as if no debug info
     1>SDL.lib(SDL_blit_0.obj) : warning LNK4099: PDB 'vc100.pdb' was not found with 'SDL.lib(SDL_blit_0.obj)' or at 'C:\Users\Whynne\Documents\GitHub\Wex\vs2010\Executable Release\vc100.pdb'; linking object as if no debug info
     1>SDL.lib(SDL_blit_1.obj) : warning LNK4099: PDB 'vc100.pdb' was not found with 'SDL.lib(SDL_blit_1.obj)' or at 'C:\Users\Whynne\Documents\GitHub\Wex\vs2010\Executable Release\vc100.pdb'; linking object as if no debug info
     1>SDL.lib(SDL_blit_A.obj) : warning LNK4099: PDB 'vc100.pdb' was not found with 'SDL.lib(SDL_blit_A.obj)' or at 'C:\Users\Whynne\Documents\GitHub\Wex\vs2010\Executable Release\vc100.pdb'; linking object as if no debug info
     1>SDL.lib(SDL_blit_N.obj) : warning LNK4099: PDB 'vc100.pdb' was not found with 'SDL.lib(SDL_blit_N.obj)' or at 'C:\Users\Whynne\Documents\GitHub\Wex\vs2010\Executable Release\vc100.pdb'; linking object as if no debug info
     1>SDL.lib(SDL_cdrom.obj) : warning LNK4099: PDB 'vc100.pdb' was not found with 'SDL.lib(SDL_cdrom.obj)' or at 'C:\Users\Whynne\Documents\GitHub\Wex\vs2010\Executable Release\vc100.pdb'; linking object as if no debug info
     1>SDL.lib(SDL_cpuinfo.obj) : warning LNK4099: PDB 'vc100.pdb' was not found with 'SDL.lib(SDL_cpuinfo.obj)' or at 'C:\Users\Whynne\Documents\GitHub\Wex\vs2010\Executable Release\vc100.pdb'; linking object as if no debug info
     1>SDL.lib(SDL_cursor.obj) : warning LNK4099: PDB 'vc100.pdb' was not found with 'SDL.lib(SDL_cursor.obj)' or at 'C:\Users\Whynne\Documents\GitHub\Wex\vs2010\Executable Release\vc100.pdb'; linking object as if no debug info
     1>SDL.lib(SDL_dibaudio.obj) : warning LNK4099: PDB 'vc100.pdb' was not found with 'SDL.lib(SDL_dibaudio.obj)' or at 'C:\Users\Whynne\Documents\GitHub\Wex\vs2010\Executable Release\vc100.pdb'; linking object as if no debug info
     1>SDL.lib(SDL_dibevents.obj) : warning LNK4099: PDB 'vc100.pdb' was not found with 'SDL.lib(SDL_dibevents.obj)' or at 'C:\Users\Whynne\Documents\GitHub\Wex\vs2010\Executable Release\vc100.pdb'; linking object as if no debug info
     1>SDL.lib(SDL_dibvideo.obj) : warning LNK4099: PDB 'vc100.pdb' was not found with 'SDL.lib(SDL_dibvideo.obj)' or at 'C:\Users\Whynne\Documents\GitHub\Wex\vs2010\Executable Release\vc100.pdb'; linking object as if no debug info
     1>SDL.lib(SDL_diskaudio.obj) : warning LNK4099: PDB 'vc100.pdb' was not found with 'SDL.lib(SDL_diskaudio.obj)' or at 'C:\Users\Whynne\Documents\GitHub\Wex\vs2010\Executable Release\vc100.pdb'; linking object as if no debug info
     1>SDL.lib(SDL_dummyaudio.obj) : warning LNK4099: PDB 'vc100.pdb' was not found with 'SDL.lib(SDL_dummyaudio.obj)' or at 'C:\Users\Whynne\Documents\GitHub\Wex\vs2010\Executable Release\vc100.pdb'; linking object as if no debug info
     1>SDL.lib(SDL_dx5audio.obj) : warning LNK4099: PDB 'vc100.pdb' was not found with 'SDL.lib(SDL_dx5audio.obj)' or at 'C:\Users\Whynne\Documents\GitHub\Wex\vs2010\Executable Release\vc100.pdb'; linking object as if no debug info
     1>SDL.lib(SDL_dx5events.obj) : warning LNK4099: PDB 'vc100.pdb' was not found with 'SDL.lib(SDL_dx5events.obj)' or at 'C:\Users\Whynne\Documents\GitHub\Wex\vs2010\Executable Release\vc100.pdb'; linking object as if no debug info
     1>SDL.lib(SDL_dx5video.obj) : warning LNK4099: PDB 'vc100.pdb' was not found with 'SDL.lib(SDL_dx5video.obj)' or at 'C:\Users\Whynne\Documents\GitHub\Wex\vs2010\Executable Release\vc100.pdb'; linking object as if no debug info
     1>SDL.lib(SDL_dx5yuv.obj) : warning LNK4099: PDB 'vc100.pdb' was not found with 'SDL.lib(SDL_dx5yuv.obj)' or at 'C:\Users\Whynne\Documents\GitHub\Wex\vs2010\Executable Release\vc100.pdb'; linking object as if no debug info
     1>SDL.lib(SDL_error.obj) : warning LNK4099: PDB 'vc100.pdb' was not found with 'SDL.lib(SDL_error.obj)' or at 'C:\Users\Whynne\Documents\GitHub\Wex\vs2010\Executable Release\vc100.pdb'; linking object as if no debug info
     1>SDL.lib(SDL_events.obj) : warning LNK4099: PDB 'vc100.pdb' was not found with 'SDL.lib(SDL_events.obj)' or at 'C:\Users\Whynne\Documents\GitHub\Wex\vs2010\Executable Release\vc100.pdb'; linking object as if no debug info
     1>SDL.lib(SDL_expose.obj) : warning LNK4099: PDB 'vc100.pdb' was not found with 'SDL.lib(SDL_expose.obj)' or at 'C:\Users\Whynne\Documents\GitHub\Wex\vs2010\Executable Release\vc100.pdb'; linking object as if no debug info
     1>SDL.lib(SDL_fatal.obj) : warning LNK4099: PDB 'vc100.pdb' was not found with 'SDL.lib(SDL_fatal.obj)' or at 'C:\Users\Whynne\Documents\GitHub\Wex\vs2010\Executable Release\vc100.pdb'; linking object as if no debug info
     1>SDL.lib(SDL_getenv.obj) : warning LNK4099: PDB 'vc100.pdb' was not found with 'SDL.lib(SDL_getenv.obj)' or at 'C:\Users\Whynne\Documents\GitHub\Wex\vs2010\Executable Release\vc100.pdb'; linking object as if no debug info
     1>SDL.lib(SDL_iconv.obj) : warning LNK4099: PDB 'vc100.pdb' was not found with 'SDL.lib(SDL_iconv.obj)' or at 'C:\Users\Whynne\Documents\GitHub\Wex\vs2010\Executable Release\vc100.pdb'; linking object as if no debug info
     1>SDL.lib(SDL_joystick.obj) : warning LNK4099: PDB 'vc100.pdb' was not found with 'SDL.lib(SDL_joystick.obj)' or at 'C:\Users\Whynne\Documents\GitHub\Wex\vs2010\Executable Release\vc100.pdb'; linking object as if no debug info
     1>SDL.lib(SDL_keyboard.obj) : warning LNK4099: PDB 'vc100.pdb' was not found with 'SDL.lib(SDL_keyboard.obj)' or at 'C:\Users\Whynne\Documents\GitHub\Wex\vs2010\Executable Release\vc100.pdb'; linking object as if no debug info
     1>SDL.lib(SDL_mmjoystick.obj) : warning LNK4099: PDB 'vc100.pdb' was not found with 'SDL.lib(SDL_mmjoystick.obj)' or at 'C:\Users\Whynne\Documents\GitHub\Wex\vs2010\Executable Release\vc100.pdb'; linking object as if no debug info
     1>SDL.lib(SDL_mouse.obj) : warning LNK4099: PDB 'vc100.pdb' was not found with 'SDL.lib(SDL_mouse.obj)' or at 'C:\Users\Whynne\Documents\GitHub\Wex\vs2010\Executable Release\vc100.pdb'; linking object as if no debug info
     1>SDL.lib(SDL_nullevents.obj) : warning LNK4099: PDB 'vc100.pdb' was not found with 'SDL.lib(SDL_nullevents.obj)' or at 'C:\Users\Whynne\Documents\GitHub\Wex\vs2010\Executable Release\vc100.pdb'; linking object as if no debug info
     1>SDL.lib(SDL_nullvideo.obj) : warning LNK4099: PDB 'vc100.pdb' was not found with 'SDL.lib(SDL_nullvideo.obj)' or at 'C:\Users\Whynne\Documents\GitHub\Wex\vs2010\Executable Release\vc100.pdb'; linking object as if no debug info
     1>SDL.lib(SDL_pixels.obj) : warning LNK4099: PDB 'vc100.pdb' was not found with 'SDL.lib(SDL_pixels.obj)' or at 'C:\Users\Whynne\Documents\GitHub\Wex\vs2010\Executable Release\vc100.pdb'; linking object as if no debug info
     1>SDL.lib(SDL_quit.obj) : warning LNK4099: PDB 'vc100.pdb' was not found with 'SDL.lib(SDL_quit.obj)' or at 'C:\Users\Whynne\Documents\GitHub\Wex\vs2010\Executable Release\vc100.pdb'; linking object as if no debug info
     1>SDL.lib(SDL_resize.obj) : warning LNK4099: PDB 'vc100.pdb' was not found with 'SDL.lib(SDL_resize.obj)' or at 'C:\Users\Whynne\Documents\GitHub\Wex\vs2010\Executable Release\vc100.pdb'; linking object as if no debug info
     1>SDL.lib(SDL_RLEaccel.obj) : warning LNK4099: PDB 'vc100.pdb' was not found with 'SDL.lib(SDL_RLEaccel.obj)' or at 'C:\Users\Whynne\Documents\GitHub\Wex\vs2010\Executable Release\vc100.pdb'; linking object as if no debug info
     1>SDL.lib(SDL_rwops.obj) : warning LNK4099: PDB 'vc100.pdb' was not found with 'SDL.lib(SDL_rwops.obj)' or at 'C:\Users\Whynne\Documents\GitHub\Wex\vs2010\Executable Release\vc100.pdb'; linking object as if no debug info
     1>SDL.lib(SDL_stretch.obj) : warning LNK4099: PDB 'vc100.pdb' was not found with 'SDL.lib(SDL_stretch.obj)' or at 'C:\Users\Whynne\Documents\GitHub\Wex\vs2010\Executable Release\vc100.pdb'; linking object as if no debug info
     1>SDL.lib(SDL_string.obj) : warning LNK4099: PDB 'vc100.pdb' was not found with 'SDL.lib(SDL_string.obj)' or at 'C:\Users\Whynne\Documents\GitHub\Wex\vs2010\Executable Release\vc100.pdb'; linking object as if no debug info
     1>SDL.lib(SDL_surface.obj) : warning LNK4099: PDB 'vc100.pdb' was not found with 'SDL.lib(SDL_surface.obj)' or at 'C:\Users\Whynne\Documents\GitHub\Wex\vs2010\Executable Release\vc100.pdb'; linking object as if no debug info
     1>SDL.lib(SDL_syscdrom.obj) : warning LNK4099: PDB 'vc100.pdb' was not found with 'SDL.lib(SDL_syscdrom.obj)' or at 'C:\Users\Whynne\Documents\GitHub\Wex\vs2010\Executable Release\vc100.pdb'; linking object as if no debug info
     1>SDL.lib(SDL_sysevents.obj) : warning LNK4099: PDB 'vc100.pdb' was not found with 'SDL.lib(SDL_sysevents.obj)' or at 'C:\Users\Whynne\Documents\GitHub\Wex\vs2010\Executable Release\vc100.pdb'; linking object as if no debug info
     1>SDL.lib(SDL_sysmouse.obj) : warning LNK4099: PDB 'vc100.pdb' was not found with 'SDL.lib(SDL_sysmouse.obj)' or at 'C:\Users\Whynne\Documents\GitHub\Wex\vs2010\Executable Release\vc100.pdb'; linking object as if no debug info
     1>SDL.lib(SDL_sysmutex.obj) : warning LNK4099: PDB 'vc100.pdb' was not found with 'SDL.lib(SDL_sysmutex.obj)' or at 'C:\Users\Whynne\Documents\GitHub\Wex\vs2010\Executable Release\vc100.pdb'; linking object as if no debug info
     1>SDL.lib(SDL_syssem.obj) : warning LNK4099: PDB 'vc100.pdb' was not found with 'SDL.lib(SDL_syssem.obj)' or at 'C:\Users\Whynne\Documents\GitHub\Wex\vs2010\Executable Release\vc100.pdb'; linking object as if no debug info
     1>SDL.lib(SDL_systhread.obj) : warning LNK4099: PDB 'vc100.pdb' was not found with 'SDL.lib(SDL_systhread.obj)' or at 'C:\Users\Whynne\Documents\GitHub\Wex\vs2010\Executable Release\vc100.pdb'; linking object as if no debug info
     1>SDL.lib(SDL_systimer.obj) : warning LNK4099: PDB 'vc100.pdb' was not found with 'SDL.lib(SDL_systimer.obj)' or at 'C:\Users\Whynne\Documents\GitHub\Wex\vs2010\Executable Release\vc100.pdb'; linking object as if no debug info
     1>SDL.lib(SDL_syswm.obj) : warning LNK4099: PDB 'vc100.pdb' was not found with 'SDL.lib(SDL_syswm.obj)' or at 'C:\Users\Whynne\Documents\GitHub\Wex\vs2010\Executable Release\vc100.pdb'; linking object as if no debug info
     1>SDL.lib(SDL_thread.obj) : warning LNK4099: PDB 'vc100.pdb' was not found with 'SDL.lib(SDL_thread.obj)' or at 'C:\Users\Whynne\Documents\GitHub\Wex\vs2010\Executable Release\vc100.pdb'; linking object as if no debug info
     1>SDL.lib(SDL_timer.obj) : warning LNK4099: PDB 'vc100.pdb' was not found with 'SDL.lib(SDL_timer.obj)' or at 'C:\Users\Whynne\Documents\GitHub\Wex\vs2010\Executable Release\vc100.pdb'; linking object as if no debug info
     1>SDL.lib(SDL_video.obj) : warning LNK4099: PDB 'vc100.pdb' was not found with 'SDL.lib(SDL_video.obj)' or at 'C:\Users\Whynne\Documents\GitHub\Wex\vs2010\Executable Release\vc100.pdb'; linking object as if no debug info
     1>SDL.lib(SDL_wingl.obj) : warning LNK4099: PDB 'vc100.pdb' was not found with 'SDL.lib(SDL_wingl.obj)' or at 'C:\Users\Whynne\Documents\GitHub\Wex\vs2010\Executable Release\vc100.pdb'; linking object as if no debug info
     1>SDL.lib(SDL_yuv.obj) : warning LNK4099: PDB 'vc100.pdb' was not found with 'SDL.lib(SDL_yuv.obj)' or at 'C:\Users\Whynne\Documents\GitHub\Wex\vs2010\Executable Release\vc100.pdb'; linking object as if no debug info
     1>SDL.lib(SDL_yuv_sw.obj) : warning LNK4099: PDB 'vc100.pdb' was not found with 'SDL.lib(SDL_yuv_sw.obj)' or at 'C:\Users\Whynne\Documents\GitHub\Wex\vs2010\Executable Release\vc100.pdb'; linking object as if no debug info
     1>glew32.lib(glew.obj) : warning LNK4099: PDB 'vc100.pdb' was not found with 'glew32.lib(glew.obj)' or at 'C:\Users\Whynne\Documents\GitHub\Wex\vs2010\Executable Release\vc100.pdb'; linking object as if no debug info
     1>alut.lib(alutError.obj) : warning LNK4099: PDB 'vc100.pdb' was not found with 'alut.lib(alutError.obj)' or at 'C:\Users\Whynne\Documents\GitHub\Wex\vs2010\Executable Release\vc100.pdb'; linking object as if no debug info
     1>alut.lib(alutInit.obj) : warning LNK4099: PDB 'vc100.pdb' was not found with 'alut.lib(alutInit.obj)' or at 'C:\Users\Whynne\Documents\GitHub\Wex\vs2010\Executable Release\vc100.pdb'; linking object as if no debug info
     1>libvorbisfile.lib(vorbisfile.obj) : warning LNK4099: PDB 'vc100.pdb' was not found with 'libvorbisfile.lib(vorbisfile.obj)' or at 'C:\Users\Whynne\Documents\GitHub\Wex\vs2010\Executable Release\vc100.pdb'; linking object as if no debug info
         wex.vcxproj -> C:\Users\Whynne\Documents\GitHub\Wex\vs2010\Executable Release\wex.exe
       Manifest:
         C:\Program Files (x86)\Microsoft SDKs\Windows\v7.0A\bin\mt.exe /nologo /verbose /outputresource:"C:\Users\Whynne\Documents\GitHub\Wex\vs2010\Executable Release\wex.exe;#1" /manifest "Executable Release\wex.exe.intermediate.manifest"
       FinalizeBuildStatus:
         Deleting file "Executable Release\wex.unsuccessfulbuild".
         Touching "Executable Release\wex.lastbuildstate".
     1>Done Building Project "C:\Users\Whynne\Documents\GitHub\Wex\vs2010\wex\wex.vcxproj" (build target(s)).

Build succeeded.

Time Elapsed 00:00:04.00
